\BOOKMARK [1][-]{toc.1}{Inhalt}{}% 1
\BOOKMARK [0][-]{chapter.1}{1 Einleitung}{}% 2
\BOOKMARK [0][-]{chapter.2}{2 Messsystem}{}% 3
\BOOKMARK [1][-]{section.2.1}{2.1 Einheit}{chapter.2}% 4
\BOOKMARK [2][-]{subsection.2.1.1}{2.1.1 Verwendete Komponenten}{section.2.1}% 5
\BOOKMARK [2][-]{subsection.2.1.2}{2.1.2 Testversion}{section.2.1}% 6
\BOOKMARK [2][-]{subsection.2.1.3}{2.1.3 Beta version}{section.2.1}% 7
\BOOKMARK [2][-]{subsection.2.1.4}{2.1.4 Release version}{section.2.1}% 8
\BOOKMARK [2][-]{subsection.2.1.5}{2.1.5 Programmaufbau}{section.2.1}% 9
\BOOKMARK [1][-]{section.2.2}{2.2 Hauptrechner}{chapter.2}% 10
\BOOKMARK [2][-]{subsection.2.2.1}{2.2.1 Verwendete Komponenten}{section.2.2}% 11
\BOOKMARK [2][-]{subsection.2.2.2}{2.2.2 Release Version}{section.2.2}% 12
\BOOKMARK [2][-]{subsection.2.2.3}{2.2.3 Programmaufbau}{section.2.2}% 13
\BOOKMARK [1][-]{section.2.3}{2.3 Anzug}{chapter.2}% 14
\BOOKMARK [2][-]{subsection.2.3.1}{2.3.1 Verwendete Komponenten}{section.2.3}% 15
\BOOKMARK [2][-]{subsection.2.3.2}{2.3.2 Testversion}{section.2.3}% 16
\BOOKMARK [2][-]{subsection.2.3.3}{2.3.3 Beta version}{section.2.3}% 17
\BOOKMARK [2][-]{subsection.2.3.4}{2.3.4 Release version}{section.2.3}% 18
\BOOKMARK [1][-]{section.2.4}{2.4 Erfassungsprogramm}{chapter.2}% 19
\BOOKMARK [2][-]{subsection.2.4.1}{2.4.1 Beschreibung HMI - Main}{section.2.4}% 20
\BOOKMARK [2][-]{subsection.2.4.2}{2.4.2 Beschreibung HMI - Visualisierung}{section.2.4}% 21
\BOOKMARK [2][-]{subsection.2.4.3}{2.4.3 Beschreibung HMI - Datenbank}{section.2.4}% 22
\BOOKMARK [2][-]{subsection.2.4.4}{2.4.4 Beschreibung Programmaufbau}{section.2.4}% 23
\BOOKMARK [0][-]{chapter.3}{3 Robotersystem}{}% 24
\BOOKMARK [1][-]{subsection.3.0.1}{3.0.1 Softwarekomponenten}{chapter.3}% 25
\BOOKMARK [2][-]{subsection.3.0.2}{3.0.2 Mechanisches Modell}{subsection.3.0.1}% 26
\BOOKMARK [0][-]{chapter.4}{4 Zusammenfassung}{}% 27
\BOOKMARK [0][-]{chapter.5}{5 Ausblick}{}% 28
\BOOKMARK [0][-]{chapter*.17}{Anhangsverzeichnis}{}% 29
\BOOKMARK [1][-]{section.A.1}{A.1 Listings}{chapter*.17}% 30
\BOOKMARK [2][-]{subsection.A.1.1}{A.1.1 Listing 1}{section.A.1}% 31
\BOOKMARK [2][-]{subsection.A.1.2}{A.1.2 Listing 2}{section.A.1}% 32
\BOOKMARK [0][-]{chapter*.18}{Abbildungsverzeichnis}{}% 33
\BOOKMARK [0][-]{chapter*.19}{Tabellenverzeichnis}{}% 34
\BOOKMARK [0][-]{chapter*.20}{Erkl\344rung}{}% 35
